<?xml version="1.0" encoding="UTF-8"?>
<!-- Generated by org.testng.reporters.JUnitReportReporter -->
<testsuite hostname="DESKTOP-9C5438O" failures="0" tests="2" name="com.crm.comcast.conatctTest.CreateContactTest" time="45.012" errors="0" timestamp="2021-12-31T22:59:17 IST" skipped="0">
  <testcase classname="com.crm.comcast.conatctTest.CreateContactTest" name="createContactWithLastNameTest" time="19.373"/>
  <system-out/>
  <testcase classname="com.crm.comcast.conatctTest.CreateContactTest" name="createContact_Support_DateTest" time="25.639"/>
  <system-out/>
</testsuite> <!-- com.crm.comcast.conatctTest.CreateContactTest -->
