<?xml version="1.0" encoding="UTF-8"?>
<!-- Generated by org.testng.reporters.JUnitReportReporter -->
<testsuite skipped="0" hostname="DESKTOP-9C5438O" name="wednesdayDriveRegionalRegression.PriorityTest" tests="2" failures="0" timestamp="2022-03-20T09:18:09 IST" time="0.015" errors="0">
  <testcase name="executeDBScript" time="0.012" classname="wednesdayDriveRegionalRegression.PriorityTest"/>
  <system-out/>
  <testcase name="closeDbTest" time="0.003" classname="wednesdayDriveRegionalRegression.PriorityTest"/>
  <system-out/>
</testsuite> <!-- wednesdayDriveRegionalRegression.PriorityTest -->
