<?xml version="1.0" encoding="UTF-8"?>
<!-- Generated by org.testng.reporters.JUnitReportReporter -->
<testsuite skipped="1" hostname="DESKTOP-9C5438O" name="wednesdayDriveDistributedParallel.EnableTest" tests="2" failures="0" timestamp="2022-03-20T10:19:21 IST" time="0.001" errors="0">
  <testcase name="createTest" time="0.001" classname="wednesdayDriveDistributedParallel.EnableTest"/>
  <system-out/>
  <testcase name="executeTest" classname="wednesdayDriveDistributedParallel.EnableTest">
    <skipped/>
  </testcase> <!-- executeTest -->
  <system-out/>
</testsuite> <!-- wednesdayDriveDistributedParallel.EnableTest -->
