<?xml version="1.0" encoding="UTF-8"?>
<!-- Generated by org.testng.reporters.JUnitReportReporter -->
<testsuite skipped="0" hostname="DESKTOP-9C5438O" name="wednesdayDriveDistributedParallel.DependsOnMethodTest" tests="3" failures="0" timestamp="2022-03-20T10:19:21 IST" time="0.008" errors="0">
  <testcase name="closeconnectionTest" time="0.003" classname="wednesdayDriveDistributedParallel.DependsOnMethodTest"/>
  <system-out/>
  <testcase name="establishconnectionTest" time="0.003" classname="wednesdayDriveDistributedParallel.DependsOnMethodTest"/>
  <system-out/>
  <testcase name="executeTest" time="0.002" classname="wednesdayDriveDistributedParallel.DependsOnMethodTest"/>
  <system-out/>
</testsuite> <!-- wednesdayDriveDistributedParallel.DependsOnMethodTest -->
