<?xml version="1.0" encoding="UTF-8"?>
<!-- Generated by org.testng.reporters.JUnitReportReporter -->
<testsuite skipped="0" hostname="DESKTOP-9C5438O" name="wednesdayDriveDistributedParallel.PriorityTest" tests="3" failures="0" timestamp="2022-03-20T10:19:21 IST" time="0.015" errors="0">
  <testcase name="establishDbTest" time="0.011" classname="wednesdayDriveDistributedParallel.PriorityTest"/>
  <system-out/>
  <testcase name="executeDBScript" time="0.002" classname="wednesdayDriveDistributedParallel.PriorityTest"/>
  <system-out/>
  <testcase name="closeDbTest" time="0.002" classname="wednesdayDriveDistributedParallel.PriorityTest"/>
  <system-out/>
</testsuite> <!-- wednesdayDriveDistributedParallel.PriorityTest -->
