<?xml version="1.0" encoding="UTF-8"?>
<!-- Generated by org.testng.reporters.JUnitReportReporter -->
<testsuite skipped="0" hostname="DESKTOP-9C5438O" name="wednesdayDriveDistributedParallel.AnnotaionsInTestNGTest" tests="1" failures="0" timestamp="2022-03-20T10:19:21 IST" time="0.004" errors="0">
  <testcase name="executeAnnotTest" time="0.004" classname="wednesdayDriveDistributedParallel.AnnotaionsInTestNGTest"/>
  <system-out/>
</testsuite> <!-- wednesdayDriveDistributedParallel.AnnotaionsInTestNGTest -->
